ocsfml_system_stub.cpp
C:\Program Files (x86)\Microsoft Visual Studio 10.0\VC\INCLUDE\xlocale(323) : warning C4530: Gestionnaire d'exceptions C++ utilis‚, mais les s‚mantiques de d‚roulement n'ont pas ‚t‚ activ‚es. Sp‚cifiez /EHsc
C:\cygwin\usr\local\include\camlpp/custom_class.hpp(693) : warning C4010: un commentaire sur une seule ligne comporte un caractŠre de continuation de ligne
C:\cygwin\usr\local\include\camlpp/custom_class.hpp(694) : warning C4010: un commentaire sur une seule ligne comporte un caractŠre de continuation de ligne
C:\cygwin\usr\local\include\camlpp/custom_class.hpp(695) : warning C4010: un commentaire sur une seule ligne comporte un caractŠre de continuation de ligne
C:\cygwin\usr\local\include\camlpp/custom_class.hpp(696) : warning C4010: un commentaire sur une seule ligne comporte un caractŠre de continuation de ligne
C:\cygwin\usr\local\include\camlpp/custom_class.hpp(697) : warning C4010: un commentaire sur une seule ligne comporte un caractŠre de continuation de ligne
C:\cygwin\usr\local\include\camlpp/custom_class.hpp(698) : warning C4010: un commentaire sur une seule ligne comporte un caractŠre de continuation de ligne
C:\cygwin\usr\local\include\camlpp/custom_class.hpp(699) : warning C4010: un commentaire sur une seule ligne comporte un caractŠre de continuation de ligne
C:\cygwin\usr\local\include\camlpp/custom_class.hpp(700) : warning C4010: un commentaire sur une seule ligne comporte un caractŠre de continuation de ligne
C:\cygwin\usr\local\include\camlpp/custom_class.hpp(701) : warning C4010: un commentaire sur une seule ligne comporte un caractŠre de continuation de ligne
C:\cygwin\usr\local\include\camlpp/custom_class.hpp(702) : warning C4010: un commentaire sur une seule ligne comporte un caractŠre de continuation de ligne
C:\cygwin\usr\local\include\camlpp/custom_class.hpp(703) : warning C4010: un commentaire sur une seule ligne comporte un caractŠre de continuation de ligne
C:\cygwin\usr\local\include\camlpp/custom_class.hpp(704) : warning C4010: un commentaire sur une seule ligne comporte un caractŠre de continuation de ligne
C:\cygwin\usr\local\include\camlpp/custom_class.hpp(705) : warning C4010: un commentaire sur une seule ligne comporte un caractŠre de continuation de ligne
C:\cygwin\usr\local\include\camlpp/custom_class.hpp(706) : warning C4010: un commentaire sur une seule ligne comporte un caractŠre de continuation de ligne
C:\cygwin\usr\local\include\camlpp/custom_class.hpp(707) : warning C4010: un commentaire sur une seule ligne comporte un caractŠre de continuation de ligne
C:\cygwin\usr\local\include\camlpp/custom_class.hpp(708) : warning C4010: un commentaire sur une seule ligne comporte un caractŠre de continuation de ligne
C:\cygwin\usr\local\include\camlpp/custom_class.hpp(709) : warning C4010: un commentaire sur une seule ligne comporte un caractŠre de continuation de ligne
C:\cygwin\usr\local\include\camlpp/custom_class.hpp(710) : warning C4010: un commentaire sur une seule ligne comporte un caractŠre de continuation de ligne
C:\cygwin\usr\local\include\camlpp/custom_class.hpp(711) : warning C4010: un commentaire sur une seule ligne comporte un caractŠre de continuation de ligne
C:\cygwin\usr\local\include\camlpp/custom_class.hpp(712) : warning C4010: un commentaire sur une seule ligne comporte un caractŠre de continuation de ligne
C:\cygwin\usr\local\include\camlpp/custom_class.hpp(713) : warning C4010: un commentaire sur une seule ligne comporte un caractŠre de continuation de ligne
C:\cygwin\usr\local\include\camlpp/custom_class.hpp(714) : warning C4010: un commentaire sur une seule ligne comporte un caractŠre de continuation de ligne
C:\cygwin\usr\local\include\camlpp/custom_class.hpp(715) : warning C4010: un commentaire sur une seule ligne comporte un caractŠre de continuation de ligne
C:\cygwin\usr\local\include\camlpp/custom_class.hpp(716) : warning C4010: un commentaire sur une seule ligne comporte un caractŠre de continuation de ligne
C:\cygwin\usr\local\include\camlpp/custom_class.hpp(717) : warning C4010: un commentaire sur une seule ligne comporte un caractŠre de continuation de ligne
C:\cygwin\usr\local\include\camlpp/custom_class.hpp(718) : warning C4010: un commentaire sur une seule ligne comporte un caractŠre de continuation de ligne
C:\cygwin\usr\local\include\camlpp/custom_class.hpp(719) : warning C4010: un commentaire sur une seule ligne comporte un caractŠre de continuation de ligne
d:\projects\ocsfml\ocsfmlsystem\ocsfml_system_stub.hpp(29) : error C2039: 'InputStream'ÿ: n'est pas membre de 'sf'
d:\projects\ocsfml\ocsfmlsystem\ocsfml_system_stub.hpp(29) : error C2504: 'InputStream'ÿ: classe de base non d‚finie
d:\projects\ocsfml\ocsfmlsystem\ocsfml_system_stub.hpp(40) : error C2059: erreur de syntaxeÿ: ';'
d:\projects\ocsfml\ocsfmlsystem\ocsfml_system_stub.hpp(40) : error C2238: jetons inattendus avant ';'
d:\projects\ocsfml\ocsfmlsystem\ocsfml_system_stub.hpp(41) : error C2059: erreur de syntaxeÿ: ';'
d:\projects\ocsfml\ocsfmlsystem\ocsfml_system_stub.hpp(41) : error C2238: jetons inattendus avant ';'
d:\projects\ocsfml\ocsfmlsystem\ocsfml_system_stub.hpp(48) : error C2039: 'Int64'ÿ: n'est pas membre de 'sf'
d:\projects\ocsfml\ocsfmlsystem\ocsfml_system_stub.hpp(48) : error C2146: erreur de syntaxeÿ: absence de ';' avant l'identificateur 'Read'
d:\projects\ocsfml\ocsfmlsystem\ocsfml_system_stub.hpp(48) : error C2433: 'CamlInputStream::Int64'ÿ: 'virtual' non autoris‚ sur les d‚clarations de donn‚es
d:\projects\ocsfml\ocsfmlsystem\ocsfml_system_stub.hpp(48) : error C4430: sp‚cificateur de type manquant - int est pris en compte par d‚faut. Remarqueÿ: C++ ne prend pas en charge int par d‚faut
d:\projects\ocsfml\ocsfmlsystem\ocsfml_system_stub.hpp(48) : error C2039: 'Int64'ÿ: n'est pas membre de 'sf'
d:\projects\ocsfml\ocsfmlsystem\ocsfml_system_stub.hpp(48) : error C2061: erreur de syntaxeÿ: identificateur 'Int64'
d:\projects\ocsfml\ocsfmlsystem\ocsfml_system_stub.hpp(49) : error C4430: sp‚cificateur de type manquant - int est pris en compte par d‚faut. Remarqueÿ: C++ ne prend pas en charge int par d‚faut
d:\projects\ocsfml\ocsfmlsystem\ocsfml_system_stub.hpp(60) : warning C4183: 'Read'ÿ: type de retour manquantÿ; fonction membre retournant 'int' prise par d‚faut
d:\projects\ocsfml\ocsfmlsystem\ocsfml_system_stub.hpp(62) : error C2039: 'Int64'ÿ: n'est pas membre de 'sf'
d:\projects\ocsfml\ocsfmlsystem\ocsfml_system_stub.hpp(62) : error C2146: erreur de syntaxeÿ: absence de ';' avant l'identificateur 'Seek'
d:\projects\ocsfml\ocsfmlsystem\ocsfml_system_stub.hpp(62) : error C2433: 'CamlInputStream::Int64'ÿ: 'virtual' non autoris‚ sur les d‚clarations de donn‚es
d:\projects\ocsfml\ocsfmlsystem\ocsfml_system_stub.hpp(62) : error C4430: sp‚cificateur de type manquant - int est pris en compte par d‚faut. Remarqueÿ: C++ ne prend pas en charge int par d‚faut
d:\projects\ocsfml\ocsfmlsystem\ocsfml_system_stub.hpp(62) : error C2039: 'Int64'ÿ: n'est pas membre de 'sf'
d:\projects\ocsfml\ocsfmlsystem\ocsfml_system_stub.hpp(62) : error C2061: erreur de syntaxeÿ: identificateur 'Int64'
d:\projects\ocsfml\ocsfmlsystem\ocsfml_system_stub.hpp(63) : error C4430: sp‚cificateur de type manquant - int est pris en compte par d‚faut. Remarqueÿ: C++ ne prend pas en charge int par d‚faut
d:\projects\ocsfml\ocsfmlsystem\ocsfml_system_stub.hpp(68) : warning C4183: 'Seek'ÿ: type de retour manquantÿ; fonction membre retournant 'int' prise par d‚faut
d:\projects\ocsfml\ocsfmlsystem\ocsfml_system_stub.hpp(70) : error C2039: 'Int64'ÿ: n'est pas membre de 'sf'
d:\projects\ocsfml\ocsfmlsystem\ocsfml_system_stub.hpp(70) : error C2146: erreur de syntaxeÿ: absence de ';' avant l'identificateur 'Tell'
d:\projects\ocsfml\ocsfmlsystem\ocsfml_system_stub.hpp(70) : error C2433: 'CamlInputStream::Int64'ÿ: 'virtual' non autoris‚ sur les d‚clarations de donn‚es
d:\projects\ocsfml\ocsfmlsystem\ocsfml_system_stub.hpp(70) : error C4430: sp‚cificateur de type manquant - int est pris en compte par d‚faut. Remarqueÿ: C++ ne prend pas en charge int par d‚faut
d:\projects\ocsfml\ocsfmlsystem\ocsfml_system_stub.hpp(71) : error C4430: sp‚cificateur de type manquant - int est pris en compte par d‚faut. Remarqueÿ: C++ ne prend pas en charge int par d‚faut
d:\projects\ocsfml\ocsfmlsystem\ocsfml_system_stub.hpp(75) : warning C4183: 'Tell'ÿ: type de retour manquantÿ; fonction membre retournant 'int' prise par d‚faut
d:\projects\ocsfml\ocsfmlsystem\ocsfml_system_stub.hpp(77) : error C2039: 'Int64'ÿ: n'est pas membre de 'sf'
d:\projects\ocsfml\ocsfmlsystem\ocsfml_system_stub.hpp(77) : error C2146: erreur de syntaxeÿ: absence de ';' avant l'identificateur 'GetSize'
d:\projects\ocsfml\ocsfmlsystem\ocsfml_system_stub.hpp(77) : error C2433: 'CamlInputStream::Int64'ÿ: 'virtual' non autoris‚ sur les d‚clarations de donn‚es
d:\projects\ocsfml\ocsfmlsystem\ocsfml_system_stub.hpp(77) : error C4430: sp‚cificateur de type manquant - int est pris en compte par d‚faut. Remarqueÿ: C++ ne prend pas en charge int par d‚faut
d:\projects\ocsfml\ocsfmlsystem\ocsfml_system_stub.hpp(78) : error C4430: sp‚cificateur de type manquant - int est pris en compte par d‚faut. Remarqueÿ: C++ ne prend pas en charge int par d‚faut
d:\projects\ocsfml\ocsfmlsystem\ocsfml_system_stub.hpp(82) : warning C4183: 'GetSize'ÿ: type de retour manquantÿ; fonction membre retournant 'int' prise par d‚faut
d:\projects\ocsfml\ocsfmlsystem\ocsfml_system_stub.hpp(55) : error C2065: 'size'ÿ: identificateur non d‚clar‚
d:\projects\ocsfml\ocsfmlsystem\ocsfml_system_stub.hpp(56) : error C2039: 'Int64'ÿ: n'est pas membre de 'sf'
d:\projects\ocsfml\ocsfmlsystem\ocsfml_system_stub.hpp(56) : error C2065: 'Int64'ÿ: identificateur non d‚clar‚
d:\projects\ocsfml\ocsfmlsystem\ocsfml_system_stub.hpp(56) : error C3203: 'pair'ÿ: la classe non sp‚cialis‚e modŠle ne peut pas ˆtre utilis‚e comme argument modŠle pour le paramŠtre modŠle 'T'ÿ; type r‚el attendu
d:\projects\ocsfml\ocsfmlsystem\ocsfml_system_stub.hpp(56) : error C2955: 'std::pair'ÿ: l'utilisation d'une classe modŠle requiert une liste d'arguments modŠle
        C:\Program Files (x86)\Microsoft Visual Studio 10.0\VC\INCLUDE\utility(173)ÿ: voir la d‚claration de 'std::pair'
d:\projects\ocsfml\ocsfmlsystem\ocsfml_system_stub.hpp(56) : error C2079: 'cm' utilise une class de 'ConversionManagement' non d‚fini
d:\projects\ocsfml\ocsfmlsystem\ocsfml_system_stub.hpp(57) : error C2228: la partie gauche de '.from_value' doit avoir un class/struct/union
        le type est 'int'
d:\projects\ocsfml\ocsfmlsystem\ocsfml_system_stub.hpp(57) : fatal error C1903: impossible de r‚cup‚rer … partir des erreurs pr‚c‚dentesÿ; arrˆt de la compilation
ocsfml_system_stub.cpp
C:\Program Files (x86)\Microsoft Visual Studio 10.0\VC\INCLUDE\xlocale(323) : warning C4530: Gestionnaire d'exceptions C++ utilis‚, mais les s‚mantiques de d‚roulement n'ont pas ‚t‚ activ‚es. Sp‚cifiez /EHsc
C:\cygwin\usr\local\include\camlpp/custom_class.hpp(693) : warning C4010: un commentaire sur une seule ligne comporte un caractŠre de continuation de ligne
C:\cygwin\usr\local\include\camlpp/custom_class.hpp(694) : warning C4010: un commentaire sur une seule ligne comporte un caractŠre de continuation de ligne
C:\cygwin\usr\local\include\camlpp/custom_class.hpp(695) : warning C4010: un commentaire sur une seule ligne comporte un caractŠre de continuation de ligne
C:\cygwin\usr\local\include\camlpp/custom_class.hpp(696) : warning C4010: un commentaire sur une seule ligne comporte un caractŠre de continuation de ligne
C:\cygwin\usr\local\include\camlpp/custom_class.hpp(697) : warning C4010: un commentaire sur une seule ligne comporte un caractŠre de continuation de ligne
C:\cygwin\usr\local\include\camlpp/custom_class.hpp(698) : warning C4010: un commentaire sur une seule ligne comporte un caractŠre de continuation de ligne
C:\cygwin\usr\local\include\camlpp/custom_class.hpp(699) : warning C4010: un commentaire sur une seule ligne comporte un caractŠre de continuation de ligne
C:\cygwin\usr\local\include\camlpp/custom_class.hpp(700) : warning C4010: un commentaire sur une seule ligne comporte un caractŠre de continuation de ligne
C:\cygwin\usr\local\include\camlpp/custom_class.hpp(701) : warning C4010: un commentaire sur une seule ligne comporte un caractŠre de continuation de ligne
C:\cygwin\usr\local\include\camlpp/custom_class.hpp(702) : warning C4010: un commentaire sur une seule ligne comporte un caractŠre de continuation de ligne
C:\cygwin\usr\local\include\camlpp/custom_class.hpp(703) : warning C4010: un commentaire sur une seule ligne comporte un caractŠre de continuation de ligne
C:\cygwin\usr\local\include\camlpp/custom_class.hpp(704) : warning C4010: un commentaire sur une seule ligne comporte un caractŠre de continuation de ligne
C:\cygwin\usr\local\include\camlpp/custom_class.hpp(705) : warning C4010: un commentaire sur une seule ligne comporte un caractŠre de continuation de ligne
C:\cygwin\usr\local\include\camlpp/custom_class.hpp(706) : warning C4010: un commentaire sur une seule ligne comporte un caractŠre de continuation de ligne
C:\cygwin\usr\local\include\camlpp/custom_class.hpp(707) : warning C4010: un commentaire sur une seule ligne comporte un caractŠre de continuation de ligne
C:\cygwin\usr\local\include\camlpp/custom_class.hpp(708) : warning C4010: un commentaire sur une seule ligne comporte un caractŠre de continuation de ligne
C:\cygwin\usr\local\include\camlpp/custom_class.hpp(709) : warning C4010: un commentaire sur une seule ligne comporte un caractŠre de continuation de ligne
C:\cygwin\usr\local\include\camlpp/custom_class.hpp(710) : warning C4010: un commentaire sur une seule ligne comporte un caractŠre de continuation de ligne
C:\cygwin\usr\local\include\camlpp/custom_class.hpp(711) : warning C4010: un commentaire sur une seule ligne comporte un caractŠre de continuation de ligne
C:\cygwin\usr\local\include\camlpp/custom_class.hpp(712) : warning C4010: un commentaire sur une seule ligne comporte un caractŠre de continuation de ligne
C:\cygwin\usr\local\include\camlpp/custom_class.hpp(713) : warning C4010: un commentaire sur une seule ligne comporte un caractŠre de continuation de ligne
C:\cygwin\usr\local\include\camlpp/custom_class.hpp(714) : warning C4010: un commentaire sur une seule ligne comporte un caractŠre de continuation de ligne
C:\cygwin\usr\local\include\camlpp/custom_class.hpp(715) : warning C4010: un commentaire sur une seule ligne comporte un caractŠre de continuation de ligne
C:\cygwin\usr\local\include\camlpp/custom_class.hpp(716) : warning C4010: un commentaire sur une seule ligne comporte un caractŠre de continuation de ligne
C:\cygwin\usr\local\include\camlpp/custom_class.hpp(717) : warning C4010: un commentaire sur une seule ligne comporte un caractŠre de continuation de ligne
C:\cygwin\usr\local\include\camlpp/custom_class.hpp(718) : warning C4010: un commentaire sur une seule ligne comporte un caractŠre de continuation de ligne
C:\cygwin\usr\local\include\camlpp/custom_class.hpp(719) : warning C4010: un commentaire sur une seule ligne comporte un caractŠre de continuation de ligne
d:\projects\ocsfml\ocsfmlsystem\ocsfml_system_stub.hpp(40) : error C2059: erreur de syntaxeÿ: ';'
d:\projects\ocsfml\ocsfmlsystem\ocsfml_system_stub.hpp(40) : error C2238: jetons inattendus avant ';'
d:\projects\ocsfml\ocsfmlsystem\ocsfml_system_stub.hpp(41) : error C2059: erreur de syntaxeÿ: ';'
d:\projects\ocsfml\ocsfmlsystem\ocsfml_system_stub.hpp(41) : error C2238: jetons inattendus avant ';'
ocsfml_system_stub.cpp(34) : error C2974: 'boost::mpl::at'ÿ: argument modŠle non valide pour 'N', type attendu
        C:\cygwin\usr\local\include\boost/mpl/at.hpp(32)ÿ: voir la d‚claration de 'boost::mpl::at'
ocsfml_system_stub.cpp(34) : error C2955: 'boost::mpl::at'ÿ: l'utilisation d'une classe modŠle requiert une liste d'arguments modŠle
        C:\cygwin\usr\local\include\boost/mpl/at.hpp(32)ÿ: voir la d‚claration de 'boost::mpl::at'
ocsfml_system_stub.cpp(34) : error C2039: 'type'ÿ: n'est pas membre de 'boost::mpl::at'
        C:\cygwin\usr\local\include\boost/mpl/at.hpp(32)ÿ: voir la d‚claration de 'boost::mpl::at'
ocsfml_system_stub.cpp(34) : error C2065: 'type'ÿ: identificateur non d‚clar‚
ocsfml_system_stub.cpp(34) : error C2079: 'cm1' utilise une class de 'ConversionManagement' non d‚fini
ocsfml_system_stub.cpp(34) : error C2228: la partie gauche de '.from_value' doit avoir un class/struct/union
        le type est 'int'
ocsfml_system_stub.cpp(34) : error C2064: le terme ne correspond pas … une fonction qui prend 1 arguments
        la classe ne d‚finit pas un 'operator()' ou un op‚rateur de conversion d‚fini par l'utilisateur en pointeur de fonction ou r‚f‚rence de fonction qui accepte le nombre d'arguments appropri‚
ocsfml_system_stub.cpp(34) : error C2228: la partie gauche de '.from_value' doit avoir un class/struct/union
        le type est 'int'
ocsfml_system_stub.cpp(34) : error C2064: le terme ne correspond pas … une fonction qui prend 1 arguments
        la classe ne d‚finit pas un 'operator()' ou un op‚rateur de conversion d‚fini par l'utilisateur en pointeur de fonction ou r‚f‚rence de fonction qui accepte le nombre d'arguments appropri‚
ocsfml_system_stub.cpp(35) : error C2974: 'boost::mpl::at'ÿ: argument modŠle non valide pour 'N', type attendu
        C:\cygwin\usr\local\include\boost/mpl/at.hpp(32)ÿ: voir la d‚claration de 'boost::mpl::at'
ocsfml_system_stub.cpp(35) : error C2955: 'boost::mpl::at'ÿ: l'utilisation d'une classe modŠle requiert une liste d'arguments modŠle
        C:\cygwin\usr\local\include\boost/mpl/at.hpp(32)ÿ: voir la d‚claration de 'boost::mpl::at'
ocsfml_system_stub.cpp(35) : error C2039: 'type'ÿ: n'est pas membre de 'boost::mpl::at'
        C:\cygwin\usr\local\include\boost/mpl/at.hpp(32)ÿ: voir la d‚claration de 'boost::mpl::at'
ocsfml_system_stub.cpp(35) : error C2065: 'type'ÿ: identificateur non d‚clar‚
ocsfml_system_stub.cpp(35) : error C2079: 'cm1' utilise une class de 'ConversionManagement' non d‚fini
ocsfml_system_stub.cpp(35) : error C2228: la partie gauche de '.from_value' doit avoir un class/struct/union
        le type est 'int'
ocsfml_system_stub.cpp(35) : error C2064: le terme ne correspond pas … une fonction qui prend 1 arguments
        la classe ne d‚finit pas un 'operator()' ou un op‚rateur de conversion d‚fini par l'utilisateur en pointeur de fonction ou r‚f‚rence de fonction qui accepte le nombre d'arguments appropri‚
ocsfml_system_stub.cpp(35) : error C2228: la partie gauche de '.from_value' doit avoir un class/struct/union
        le type est 'int'
ocsfml_system_stub.cpp(35) : error C2064: le terme ne correspond pas … une fonction qui prend 1 arguments
        la classe ne d‚finit pas un 'operator()' ou un op‚rateur de conversion d‚fini par l'utilisateur en pointeur de fonction ou r‚f‚rence de fonction qui accepte le nombre d'arguments appropri‚
ocsfml_system_stub.cpp
C:\Program Files (x86)\Microsoft Visual Studio 10.0\VC\INCLUDE\xlocale(323) : warning C4530: Gestionnaire d'exceptions C++ utilis‚, mais les s‚mantiques de d‚roulement n'ont pas ‚t‚ activ‚es. Sp‚cifiez /EHsc
C:\cygwin\usr\local\include\camlpp/custom_class.hpp(693) : warning C4010: un commentaire sur une seule ligne comporte un caractŠre de continuation de ligne
C:\cygwin\usr\local\include\camlpp/custom_class.hpp(694) : warning C4010: un commentaire sur une seule ligne comporte un caractŠre de continuation de ligne
C:\cygwin\usr\local\include\camlpp/custom_class.hpp(695) : warning C4010: un commentaire sur une seule ligne comporte un caractŠre de continuation de ligne
C:\cygwin\usr\local\include\camlpp/custom_class.hpp(696) : warning C4010: un commentaire sur une seule ligne comporte un caractŠre de continuation de ligne
C:\cygwin\usr\local\include\camlpp/custom_class.hpp(697) : warning C4010: un commentaire sur une seule ligne comporte un caractŠre de continuation de ligne
C:\cygwin\usr\local\include\camlpp/custom_class.hpp(698) : warning C4010: un commentaire sur une seule ligne comporte un caractŠre de continuation de ligne
C:\cygwin\usr\local\include\camlpp/custom_class.hpp(699) : warning C4010: un commentaire sur une seule ligne comporte un caractŠre de continuation de ligne
C:\cygwin\usr\local\include\camlpp/custom_class.hpp(700) : warning C4010: un commentaire sur une seule ligne comporte un caractŠre de continuation de ligne
C:\cygwin\usr\local\include\camlpp/custom_class.hpp(701) : warning C4010: un commentaire sur une seule ligne comporte un caractŠre de continuation de ligne
C:\cygwin\usr\local\include\camlpp/custom_class.hpp(702) : warning C4010: un commentaire sur une seule ligne comporte un caractŠre de continuation de ligne
C:\cygwin\usr\local\include\camlpp/custom_class.hpp(703) : warning C4010: un commentaire sur une seule ligne comporte un caractŠre de continuation de ligne
C:\cygwin\usr\local\include\camlpp/custom_class.hpp(704) : warning C4010: un commentaire sur une seule ligne comporte un caractŠre de continuation de ligne
C:\cygwin\usr\local\include\camlpp/custom_class.hpp(705) : warning C4010: un commentaire sur une seule ligne comporte un caractŠre de continuation de ligne
C:\cygwin\usr\local\include\camlpp/custom_class.hpp(706) : warning C4010: un commentaire sur une seule ligne comporte un caractŠre de continuation de ligne
C:\cygwin\usr\local\include\camlpp/custom_class.hpp(707) : warning C4010: un commentaire sur une seule ligne comporte un caractŠre de continuation de ligne
C:\cygwin\usr\local\include\camlpp/custom_class.hpp(708) : warning C4010: un commentaire sur une seule ligne comporte un caractŠre de continuation de ligne
C:\cygwin\usr\local\include\camlpp/custom_class.hpp(709) : warning C4010: un commentaire sur une seule ligne comporte un caractŠre de continuation de ligne
C:\cygwin\usr\local\include\camlpp/custom_class.hpp(710) : warning C4010: un commentaire sur une seule ligne comporte un caractŠre de continuation de ligne
C:\cygwin\usr\local\include\camlpp/custom_class.hpp(711) : warning C4010: un commentaire sur une seule ligne comporte un caractŠre de continuation de ligne
C:\cygwin\usr\local\include\camlpp/custom_class.hpp(712) : warning C4010: un commentaire sur une seule ligne comporte un caractŠre de continuation de ligne
C:\cygwin\usr\local\include\camlpp/custom_class.hpp(713) : warning C4010: un commentaire sur une seule ligne comporte un caractŠre de continuation de ligne
C:\cygwin\usr\local\include\camlpp/custom_class.hpp(714) : warning C4010: un commentaire sur une seule ligne comporte un caractŠre de continuation de ligne
C:\cygwin\usr\local\include\camlpp/custom_class.hpp(715) : warning C4010: un commentaire sur une seule ligne comporte un caractŠre de continuation de ligne
C:\cygwin\usr\local\include\camlpp/custom_class.hpp(716) : warning C4010: un commentaire sur une seule ligne comporte un caractŠre de continuation de ligne
C:\cygwin\usr\local\include\camlpp/custom_class.hpp(717) : warning C4010: un commentaire sur une seule ligne comporte un caractŠre de continuation de ligne
C:\cygwin\usr\local\include\camlpp/custom_class.hpp(718) : warning C4010: un commentaire sur une seule ligne comporte un caractŠre de continuation de ligne
C:\cygwin\usr\local\include\camlpp/custom_class.hpp(719) : warning C4010: un commentaire sur une seule ligne comporte un caractŠre de continuation de ligne
ocsfml_system_stub.cpp(34) : error C2974: 'boost::mpl::at'ÿ: argument modŠle non valide pour 'N', type attendu
        C:\cygwin\usr\local\include\boost/mpl/at.hpp(32)ÿ: voir la d‚claration de 'boost::mpl::at'
ocsfml_system_stub.cpp(34) : error C2955: 'boost::mpl::at'ÿ: l'utilisation d'une classe modŠle requiert une liste d'arguments modŠle
        C:\cygwin\usr\local\include\boost/mpl/at.hpp(32)ÿ: voir la d‚claration de 'boost::mpl::at'
ocsfml_system_stub.cpp(34) : error C2039: 'type'ÿ: n'est pas membre de 'boost::mpl::at'
        C:\cygwin\usr\local\include\boost/mpl/at.hpp(32)ÿ: voir la d‚claration de 'boost::mpl::at'
ocsfml_system_stub.cpp(34) : error C2065: 'type'ÿ: identificateur non d‚clar‚
ocsfml_system_stub.cpp(34) : error C2079: 'cm1' utilise une class de 'ConversionManagement' non d‚fini
ocsfml_system_stub.cpp(34) : error C2228: la partie gauche de '.from_value' doit avoir un class/struct/union
        le type est 'int'
ocsfml_system_stub.cpp(34) : error C2064: le terme ne correspond pas … une fonction qui prend 1 arguments
        la classe ne d‚finit pas un 'operator()' ou un op‚rateur de conversion d‚fini par l'utilisateur en pointeur de fonction ou r‚f‚rence de fonction qui accepte le nombre d'arguments appropri‚
ocsfml_system_stub.cpp(34) : error C2228: la partie gauche de '.from_value' doit avoir un class/struct/union
        le type est 'int'
ocsfml_system_stub.cpp(34) : error C2064: le terme ne correspond pas … une fonction qui prend 1 arguments
        la classe ne d‚finit pas un 'operator()' ou un op‚rateur de conversion d‚fini par l'utilisateur en pointeur de fonction ou r‚f‚rence de fonction qui accepte le nombre d'arguments appropri‚
ocsfml_system_stub.cpp(35) : error C2974: 'boost::mpl::at'ÿ: argument modŠle non valide pour 'N', type attendu
        C:\cygwin\usr\local\include\boost/mpl/at.hpp(32)ÿ: voir la d‚claration de 'boost::mpl::at'
ocsfml_system_stub.cpp(35) : error C2955: 'boost::mpl::at'ÿ: l'utilisation d'une classe modŠle requiert une liste d'arguments modŠle
        C:\cygwin\usr\local\include\boost/mpl/at.hpp(32)ÿ: voir la d‚claration de 'boost::mpl::at'
ocsfml_system_stub.cpp(35) : error C2039: 'type'ÿ: n'est pas membre de 'boost::mpl::at'
        C:\cygwin\usr\local\include\boost/mpl/at.hpp(32)ÿ: voir la d‚claration de 'boost::mpl::at'
ocsfml_system_stub.cpp(35) : error C2065: 'type'ÿ: identificateur non d‚clar‚
ocsfml_system_stub.cpp(35) : error C2079: 'cm1' utilise une class de 'ConversionManagement' non d‚fini
ocsfml_system_stub.cpp(35) : error C2228: la partie gauche de '.from_value' doit avoir un class/struct/union
        le type est 'int'
ocsfml_system_stub.cpp(35) : error C2064: le terme ne correspond pas … une fonction qui prend 1 arguments
        la classe ne d‚finit pas un 'operator()' ou un op‚rateur de conversion d‚fini par l'utilisateur en pointeur de fonction ou r‚f‚rence de fonction qui accepte le nombre d'arguments appropri‚
ocsfml_system_stub.cpp(35) : error C2228: la partie gauche de '.from_value' doit avoir un class/struct/union
        le type est 'int'
ocsfml_system_stub.cpp(35) : error C2064: le terme ne correspond pas … une fonction qui prend 1 arguments
        la classe ne d‚finit pas un 'operator()' ou un op‚rateur de conversion d‚fini par l'utilisateur en pointeur de fonction ou r‚f‚rence de fonction qui accepte le nombre d'arguments appropri‚
